<?xml version="1.0" encoding="UTF-8"?>
<testsuite name="test.collective.basic.BlockchainTest" tests="8" skipped="0" failures="0" errors="0" timestamp="2022-04-28T23:19:52" hostname="econ2-198-26-dhcp.int.colorado.edu" time="0.125">
  <properties/>
  <testcase name="isValid_HashIncorrect" classname="test.collective.basic.BlockchainTest" time="0.062"/>
  <testcase name="isNotValid_whenManyAreNotMined" classname="test.collective.basic.BlockchainTest" time="0.012"/>
  <testcase name="isNotValid_forIncorrectPreviousHash" classname="test.collective.basic.BlockchainTest" time="0.022"/>
  <testcase name="size" classname="test.collective.basic.BlockchainTest" time="0.004"/>
  <testcase name="isNotValid_whenOneIsNotMined" classname="test.collective.basic.BlockchainTest" time="0.005"/>
  <testcase name="isEmpty" classname="test.collective.basic.BlockchainTest" time="0.005"/>
  <testcase name="isMined" classname="test.collective.basic.BlockchainTest" time="0.009"/>
  <testcase name="isValid" classname="test.collective.basic.BlockchainTest" time="0.006"/>
  <system-out><![CDATA[]]></system-out>
  <system-err><![CDATA[]]></system-err>
</testsuite>
